<?xml version="1.0" encoding="UTF-8"?>
<!-- Generated by org.testng.reporters.JUnitXMLReporter -->
<testsuite ignored="0" hostname="NODE1899" failures="0" tests="4" name="Submit Order Test" time="47.713" errors="0" timestamp="2024-02-07T12:32:29 IST">
  <testcase classname="RahulshettyAcademy.Test.SubmitOrderTest" name="submitOrder" time="9.735"/>
  <testcase classname="RahulshettyAcademy.Test.SubmitOrderTest" name="submitOrder" time="9.402"/>
  <testcase classname="RahulshettyAcademy.Test.SubmitOrderTest" name="submitOrder" time="8.896"/>
  <testcase classname="RahulshettyAcademy.Test.SubmitOrderTest" name="OrderHistoryTest" time="0.999"/>
</testsuite> <!-- Submit Order Test -->
