<?xml version="1.0" encoding="UTF-8"?>
<!-- Generated by org.testng.reporters.JUnitXMLReporter -->
<testsuite ignored="2" hostname="NODE1899" failures="0" tests="0" time="0.022" errors="0" timestamp="2024-02-16T17:47:19 IST">
  <testcase classname="RahulshettyAcademy.Test.ErrorValidationTest" name="ProductErrorValidation" time="0.0">
    <ignored/>
  </testcase> <!-- ProductErrorValidation -->
  <testcase classname="RahulshettyAcademy.Test.ErrorValidationTest" name="LoginErrorValidation" time="0.0">
    <ignored/>
  </testcase> <!-- LoginErrorValidation -->
</testsuite>
