<?xml version="1.0" encoding="UTF-8"?>
<!-- Generated by org.testng.reporters.JUnitXMLReporter -->
<testsuite ignored="1" hostname="NODE1899" failures="0" tests="3" name="Submit Order Test" time="95.36" errors="0" timestamp="2024-02-16T17:48:55 IST">
  <testcase classname="RahulshettyAcademy.Test.SubmitOrderTest" name="submitOrder" time="9.433"/>
  <testcase classname="RahulshettyAcademy.Test.SubmitOrderTest" name="submitOrder" time="9.269"/>
  <testcase classname="RahulshettyAcademy.Test.SubmitOrderTest" name="submitOrder" time="9.515"/>
  <testcase classname="RahulshettyAcademy.Test.SubmitOrderTest" name="OrderHistoryTest" time="0.0">
    <ignored/>
  </testcase> <!-- OrderHistoryTest -->
</testsuite> <!-- Submit Order Test -->
