<?xml version="1.0" encoding="UTF-8"?>
<testng-results ignored="0" total="1" passed="1" failed="0" skipped="0">
  <reporter-output>
  </reporter-output>
  <suite started-at="2024-02-19T13:21:55 IST" name="Default suite" finished-at="2024-02-19T13:22:08 IST" duration-ms="12859">
    <groups>
      <group name="cucumber">
        <method signature="AbstractTestNGCucumberTests.runScenario(io.cucumber.testng.PickleWrapper,io.cucumber.testng.FeatureWrapper)[pri:0, instance:cucumber.TestngTestRunner@4d1c005e]" name="runScenario" class="io.cucumber.testng.AbstractTestNGCucumberTests"/>
      </group> <!-- cucumber -->
    </groups>
    <test started-at="2024-02-19T13:21:55 IST" name="Default test" finished-at="2024-02-19T13:22:08 IST" duration-ms="12859">
      <class name="cucumber.TestngTestRunner">
        <test-method is-config="true" signature="setUpClass(org.testng.ITestContext)[pri:0, instance:cucumber.TestngTestRunner@4d1c005e]" started-at="2024-02-19T13:21:55 IST" name="setUpClass" finished-at="2024-02-19T13:21:56 IST" duration-ms="404" status="PASS">
          <params>
            <param index="0">
              <value>
                <![CDATA[org.testng.TestRunner@316acbb5]]>
              </value>
            </param>
          </params>
          <reporter-output>
          </reporter-output>
        </test-method> <!-- setUpClass -->
        <test-method signature="runScenario(io.cucumber.testng.PickleWrapper,io.cucumber.testng.FeatureWrapper)[pri:0, instance:cucumber.TestngTestRunner@4d1c005e]" started-at="2024-02-19T13:21:56 IST" name="runScenario" description="Runs Cucumber Scenarios" data-provider="scenarios" finished-at="2024-02-19T13:22:08 IST" duration-ms="12377" status="PASS">
          <params>
            <param index="0">
              <value>
                <![CDATA["Positive Test if Submitting the order"]]>
              </value>
            </param>
            <param index="1">
              <value>
                <![CDATA["Purchase the order from Ecommerce Website"]]>
              </value>
            </param>
          </params>
          <reporter-output>
          </reporter-output>
        </test-method> <!-- runScenario -->
        <test-method is-config="true" signature="tearDownClass()[pri:0, instance:cucumber.TestngTestRunner@4d1c005e]" started-at="2024-02-19T13:22:08 IST" name="tearDownClass" finished-at="2024-02-19T13:22:08 IST" duration-ms="44" status="PASS">
          <reporter-output>
          </reporter-output>
        </test-method> <!-- tearDownClass -->
      </class> <!-- cucumber.TestngTestRunner -->
    </test> <!-- Default test -->
  </suite> <!-- Default suite -->
</testng-results>
